<?xml version="1.0" encoding="utf-8"?><testsuites name="pytest tests"><testsuite name="pytest" errors="0" failures="0" skipped="0" tests="22" time="6.810" timestamp="2026-07-13T16:56:55.999176+00:00" hostname="agent-env-bf557a10-7742-4a8d-8709-7f717948c94a"><testcase classname="tests.test_astrologer_flow.TestAstrologerWorkspace" name="test_01_dashboard" time="1.283" /><testcase classname="tests.test_astrologer_flow.TestAstrologerWorkspace" name="test_02_consultations_empty" time="0.257" /><testcase classname="tests.test_astrologer_flow.TestAdminAstrologerCRUD" name="test_01_create_response_shape" time="1.541" /><testcase classname="tests.test_astrologer_flow.TestAstrologerWorkspace" name="test_03_availability_put_and_get" time="0.214" /><testcase classname="tests.test_astrologer_flow.TestAdminAstrologerCRUD" name="test_02_regen_welcome_link" time="0.145" /><testcase classname="tests.test_astrologer_flow.TestAdminAstrologerCRUD" name="test_03_patch_commission_pct_valid" time="0.116" /><testcase classname="tests.test_astrologer_flow.TestAstrologerWorkspace" name="test_04_availability_end_before_start" time="0.103" /><testcase classname="tests.test_astrologer_flow.TestAdminAstrologerCRUD" name="test_04_patch_commission_pct_invalid" time="0.225" /><testcase classname="tests.test_astrologer_flow.TestAstrologerWorkspace" name="test_05_availability_bad_time" time="0.109" /><testcase classname="tests.test_astrologer_flow.TestAstrologerWorkspace" name="test_06_availability_bad_date" time="0.109" /><testcase classname="tests.test_astrologer_flow.TestAdminAstrologerCRUD" name="test_05_admin_affiliate_summary_fresh" time="0.134" /><testcase classname="tests.test_astrologer_flow.TestConsultationBooking" name="test_01_book_and_visible_to_astrologer" time="0.430" /><testcase classname="tests.test_astrologer_flow.TestAstrologerAuth" name="test_01_set_password_and_get_jwt" time="0.337" /><testcase classname="tests.test_astrologer_flow.TestAstrologerAuth" name="test_02_me" time="0.155" /><testcase classname="tests.test_astrologer_flow.TestConsultationBooking" name="test_02_patch_booking" time="0.206" /><testcase classname="tests.test_astrologer_flow.TestAstrologerAuth" name="test_03_login_correct" time="0.338" /><testcase classname="tests.test_astrologer_flow.TestConsultationBooking" name="test_03_cannot_patch_others_booking" time="0.857" /><testcase classname="tests.test_astrologer_flow.TestAstrologerAuth" name="test_04_login_wrong" time="0.571" /><testcase classname="tests.test_astrologer_flow.TestAffiliateCommission" name="test_01_end_to_end_commission" time="1.378" /><testcase classname="tests.test_astrologer_flow.TestPublicAffiliateResolver" name="test_01_resolve_and_dedupe_visits" time="1.097" /><testcase classname="tests.test_astrologer_flow.TestPublicAffiliateResolver" name="test_02_unknown_code_404" time="0.107" /><testcase classname="tests.test_astrologer_flow.TestAffiliateCommission" name="test_02_zero_pct_no_commission" time="1.362" /></testsuite></testsuites>