<?xml version="1.0" encoding="utf-8"?><testsuites name="pytest tests"><testsuite name="pytest" errors="0" failures="0" skipped="0" tests="18" time="3.730" timestamp="2026-07-13T14:06:43.690633+00:00" hostname="agent-env-bf557a10-7742-4a8d-8709-7f717948c94a"><testcase classname="tests.test_media_events.TestLegacyOTPRemoved" name="test_otp_send_removed" time="0.128" /><testcase classname="tests.test_media_events.TestAdminAuthGate" name="test_requires_auth[get-/admin/media-kwargs0]" time="0.127" /><testcase classname="tests.test_media_events.TestLegacyOTPRemoved" name="test_otp_verify_removed" time="0.106" /><testcase classname="tests.test_media_events.TestAdminAuthGate" name="test_requires_auth[post-/admin/media/upload-kwargs1]" time="0.158" /><testcase classname="tests.test_media_events.TestLegacyOTPRemoved" name="test_login_otp_removed" time="0.168" /><testcase classname="tests.test_media_events.TestAdminAuthGate" name="test_requires_auth[delete-/admin/media/nonexistent-kwargs2]" time="0.129" /><testcase classname="tests.test_media_events.TestAdminAuthGate" name="test_requires_auth[get-/admin/site-assets-kwargs3]" time="0.320" /><testcase classname="tests.test_media_events.TestSiteAssets" name="test_slot_validation_bad_key" time="0.464" /><testcase classname="tests.test_media_events.TestAdminAuthGate" name="test_requires_auth[put-/admin/site-assets/home_hero_1-kwargs4]" time="0.111" /><testcase classname="tests.test_media_events.TestAdminAuthGate" name="test_requires_auth[get-/admin/events-kwargs5]" time="0.107" /><testcase classname="tests.test_media_events.TestSiteAssets" name="test_set_and_clear_slot" time="1.200" /><testcase classname="tests.test_media_events.TestAdminAuthGate" name="test_requires_auth[post-/admin/events-kwargs6]" time="0.118" /><testcase classname="tests.test_media_events.TestAdminAuthGate" name="test_requires_auth[patch-/admin/events/x-kwargs7]" time="0.110" /><testcase classname="tests.test_media_events.TestAdminAuthGate" name="test_requires_auth[delete-/admin/events/x-kwargs8]" time="0.105" /><testcase classname="tests.test_media_events.TestFirebaseVerify" name="test_firebase_verify_bogus" time="0.103" /><testcase classname="tests.test_media_events.TestMedia" name="test_upload_list_serve" time="1.423" /><testcase classname="tests.test_media_events.TestEvents" name="test_events_crud_and_active" time="0.813" /><testcase classname="tests.test_media_events.TestEvents" name="test_past_ended_filtered" time="0.339" /></testsuite></testsuites>